# JRE version: OpenJDK Runtime Environment Corretto-21.0.6.7.1 (21.0.6+7) (build 21.0.6+7-LTS)
# Java VM: OpenJDK 64-Bit Server VM Corretto-21.0.6.7.1 (21.0.6+7-LTS, mixed mode, emulated-client, sharing, tiered, compressed oops, compressed class ptrs, g1 gc, windows-amd64)
GC Precious Log:
 CardTable entry size: 512
 Card Set container configuration: InlinePtr #cards 5 size 8 Array Of Cards #cards 12 size 40 Howl #buckets 4 coarsen threshold 1843 Howl Bitmap #cards 512 size 80 coarsen threshold 460 Card regions per heap region 1 cards per card region 2048
 CPUs: 16 total, 16 available
 Memory: 5996M
 Large Page Support: Disabled
 NUMA Support: Disabled
 Compressed Oops: Enabled (32-bit)
 Heap Region Size: 1M
 Heap Min Capacity: 8M
 Heap Initial Capacity: 94M
 Heap Max Capacity: 1500M
 Pre-touch: Disabled
 Parallel Workers: 13
 Concurrent Workers: 3
 Concurrent Refinement Workers: 13
 Periodic GC: Disabled
Heap:
 garbage-first heap   total 89088K, used 79408K [0x00000000a2400000, 0x0000000100000000)
  region size 1024K, 53 young (54272K), 7 survivors (7168K)
 Metaspace       used 73394K, committed 74112K, reserved 1114112K
  class space    used 10555K, committed 10880K, reserved 1048576K
GC Heap History (20 events):
Event: 1.685 GC heap after
{Heap after GC invocations=2 (full 0):
 garbage-first heap   total 96256K, used 13673K [0x00000000a2400000, 0x0000000100000000)
  region size 1024K, 3 young (3072K), 3 survivors (3072K)
 Metaspace       used 12371K, committed 12800K, reserved 1114112K
  class space    used 1657K, committed 1856K, reserved 1048576K
}
Event: 2.068 GC heap before
{Heap before GC invocations=2 (full 0):
 garbage-first heap   total 96256K, used 51561K [0x00000000a2400000, 0x0000000100000000)
  region size 1024K, 41 young (41984K), 3 survivors (3072K)
 Metaspace       used 20877K, committed 21248K, reserved 1114112K
  class space    used 2757K, committed 2944K, reserved 1048576K
}
Event: 2.077 GC heap after
{Heap after GC invocations=3 (full 0):
 garbage-first heap   total 96256K, used 16903K [0x00000000a2400000, 0x0000000100000000)
  region size 1024K, 6 young (6144K), 6 survivors (6144K)
 Metaspace       used 20877K, committed 21248K, reserved 1114112K
  class space    used 2757K, committed 2944K, reserved 1048576K
}
Event: 2.087 GC heap before
{Heap before GC invocations=3 (full 0):
 garbage-first heap   total 96256K, used 17927K [0x00000000a2400000, 0x0000000100000000)
  region size 1024K, 8 young (8192K), 6 survivors (6144K)
 Metaspace       used 21173K, committed 21568K, reserved 1114112K
  class space    used 2776K, committed 2944K, reserved 1048576K
}
Event: 2.095 GC heap after
{Heap after GC invocations=4 (full 0):
 garbage-first heap   total 96256K, used 17344K [0x00000000a2400000, 0x0000000100000000)
  region size 1024K, 4 young (4096K), 4 survivors (4096K)
 Metaspace       used 21173K, committed 21568K, reserved 1114112K
  class space    used 2776K, committed 2944K, reserved 1048576K
}
Event: 2.736 GC heap before
{Heap before GC invocations=5 (full 0):
 garbage-first heap   total 61440K, used 49088K [0x00000000a2400000, 0x0000000100000000)
  region size 1024K, 36 young (36864K), 4 survivors (4096K)
 Metaspace       used 24567K, committed 24960K, reserved 1114112K
  class space    used 3277K, committed 3456K, reserved 1048576K
}
Event: 2.746 GC heap after
{Heap after GC invocations=6 (full 0):
 garbage-first heap   total 73728K, used 19743K [0x00000000a2400000, 0x0000000100000000)
  region size 1024K, 4 young (4096K), 4 survivors (4096K)
 Metaspace       used 24567K, committed 24960K, reserved 1114112K
  class space    used 3277K, committed 3456K, reserved 1048576K
}
Event: 4.105 GC heap before
{Heap before GC invocations=6 (full 0):
 garbage-first heap   total 73728K, used 56607K [0x00000000a2400000, 0x0000000100000000)
  region size 1024K, 41 young (41984K), 4 survivors (4096K)
 Metaspace       used 30217K, committed 30656K, reserved 1114112K
  class space    used 4134K, committed 4352K, reserved 1048576K
}
Event: 4.119 GC heap after
{Heap after GC invocations=7 (full 0):
 garbage-first heap   total 73728K, used 22854K [0x00000000a2400000, 0x0000000100000000)
  region size 1024K, 6 young (6144K), 6 survivors (6144K)
 Metaspace       used 30217K, committed 30656K, reserved 1114112K
  class space    used 4134K, committed 4352K, reserved 1048576K
}
Event: 5.291 GC heap before
{Heap before GC invocations=7 (full 0):
 garbage-first heap   total 73728K, used 54598K [0x00000000a2400000, 0x0000000100000000)
  region size 1024K, 38 young (38912K), 6 survivors (6144K)
 Metaspace       used 35545K, committed 36160K, reserved 1114112K
  class space    used 4889K, committed 5184K, reserved 1048576K
}
Event: 5.304 GC heap after
{Heap after GC invocations=8 (full 0):
 garbage-first heap   total 73728K, used 25041K [0x00000000a2400000, 0x0000000100000000)
  region size 1024K, 6 young (6144K), 6 survivors (6144K)
 Metaspace       used 35545K, committed 36160K, reserved 1114112K
  class space    used 4889K, committed 5184K, reserved 1048576K
}
Event: 6.817 GC heap before
{Heap before GC invocations=9 (full 0):
 garbage-first heap   total 73728K, used 60881K [0x00000000a2400000, 0x0000000100000000)
  region size 1024K, 41 young (41984K), 6 survivors (6144K)
 Metaspace       used 46735K, committed 47360K, reserved 1114112K
  class space    used 6304K, committed 6592K, reserved 1048576K
}
Event: 6.827 GC heap after
{Heap after GC invocations=10 (full 0):
 garbage-first heap   total 73728K, used 28370K [0x00000000a2400000, 0x0000000100000000)
  region size 1024K, 6 young (6144K), 6 survivors (6144K)
 Metaspace       used 46735K, committed 47360K, reserved 1114112K
  class space    used 6304K, committed 6592K, reserved 1048576K
}
Event: 7.756 GC heap before
{Heap before GC invocations=10 (full 0):
 garbage-first heap   total 73728K, used 62162K [0x00000000a2400000, 0x0000000100000000)
  region size 1024K, 39 young (39936K), 6 survivors (6144K)
 Metaspace       used 54358K, committed 54976K, reserved 1114112K
  class space    used 7452K, committed 7744K, reserved 1048576K
}
Event: 7.765 GC heap after
{Heap after GC invocations=11 (full 0):
 garbage-first heap   total 73728K, used 30602K [0x00000000a2400000, 0x0000000100000000)
  region size 1024K, 3 young (3072K), 3 survivors (3072K)
 Metaspace       used 54358K, committed 54976K, reserved 1114112K
  class space    used 7452K, committed 7744K, reserved 1048576K
}
Event: 10.457 GC heap before
{Heap before GC invocations=11 (full 0):
 garbage-first heap   total 73728K, used 48010K [0x00000000a2400000, 0x0000000100000000)
  region size 1024K, 21 young (21504K), 3 survivors (3072K)
 Metaspace       used 59845K, committed 60480K, reserved 1114112K
  class space    used 8224K, committed 8512K, reserved 1048576K
}
Event: 10.513 GC heap after
{Heap after GC invocations=12 (full 0):
 garbage-first heap   total 73728K, used 31028K [0x00000000a2400000, 0x0000000100000000)
  region size 1024K, 3 young (3072K), 3 survivors (3072K)
 Metaspace       used 59845K, committed 60480K, reserved 1114112K
  class space    used 8224K, committed 8512K, reserved 1048576K
}
Event: 23.505 GC heap before
{Heap before GC invocations=13 (full 0):
 garbage-first heap   total 73728K, used 64820K [0x00000000a2400000, 0x0000000100000000)
  region size 1024K, 36 young (36864K), 3 survivors (3072K)
 Metaspace       used 65624K, committed 66368K, reserved 1114112K
  class space    used 9239K, committed 9600K, reserved 1048576K
}
Event: 23.522 GC heap after
{Heap after GC invocations=14 (full 0):
 garbage-first heap   total 89088K, used 32304K [0x00000000a2400000, 0x0000000100000000)
  region size 1024K, 4 young (4096K), 4 survivors (4096K)
 Metaspace       used 65624K, committed 66368K, reserved 1114112K
  class space    used 9239K, committed 9600K, reserved 1048576K
}
Event: 25.168 GC heap before
{Heap before GC invocations=14 (full 0):
 garbage-first heap   total 89088K, used 78384K [0x00000000a2400000, 0x0000000100000000)
  region size 1024K, 50 young (51200K), 4 survivors (4096K)
 Metaspace       used 73394K, committed 74112K, reserved 1114112K
  class space    used 10555K, committed 10880K, reserved 1048576K
}

